<?xml version="1.0" encoding="UTF-8"?>
<testng-results ignored="0" total="1" passed="1" failed="0" skipped="0">
  <reporter-output>
  </reporter-output>
  <suite started-at="2023-01-13T13:34:37 IST" name="Default suite" finished-at="2023-01-13T13:35:22 IST" duration-ms="44208">
    <groups>
      <group name="cucumber">
        <method signature="AbstractTestNGCucumberTests.runScenario(io.cucumber.testng.PickleWrapper,io.cucumber.testng.FeatureWrapper)[pri:0, instance:testngrunner.TestNGCucumberRunner@4ddbbdf8]" name="runScenario" class="io.cucumber.testng.AbstractTestNGCucumberTests"/>
      </group> <!-- cucumber -->
    </groups>
    <test started-at="2023-01-13T13:34:37 IST" name="Default test" finished-at="2023-01-13T13:35:22 IST" duration-ms="44208">
      <class name="testngrunner.TestNGCucumberRunner">
        <test-method is-config="true" signature="setUpClass(org.testng.ITestContext)[pri:0, instance:testngrunner.TestNGCucumberRunner@4ddbbdf8]" started-at="2023-01-13T13:34:37 IST" name="setUpClass" finished-at="2023-01-13T13:34:38 IST" duration-ms="553" status="PASS">
          <params>
            <param index="0">
              <value>
                <![CDATA[org.testng.TestRunner@244418a]]>
              </value>
            </param>
          </params>
          <reporter-output>
          </reporter-output>
        </test-method> <!-- setUpClass -->
        <test-method signature="runScenario(io.cucumber.testng.PickleWrapper,io.cucumber.testng.FeatureWrapper)[pri:0, instance:testngrunner.TestNGCucumberRunner@4ddbbdf8]" started-at="2023-01-13T13:34:38 IST" name="runScenario" description="Runs Cucumber Scenarios" data-provider="scenarios" finished-at="2023-01-13T13:35:21 IST" duration-ms="43308" status="PASS">
          <params>
            <param index="0">
              <value>
                <![CDATA["Login into Application with Valid Credentails"]]>
              </value>
            </param>
            <param index="1">
              <value>
                <![CDATA["Optional[Login Test Cases]"]]>
              </value>
            </param>
          </params>
          <reporter-output>
          </reporter-output>
        </test-method> <!-- runScenario -->
        <test-method is-config="true" signature="tearDownClass()[pri:0, instance:testngrunner.TestNGCucumberRunner@4ddbbdf8]" started-at="2023-01-13T13:35:22 IST" name="tearDownClass" finished-at="2023-01-13T13:35:22 IST" duration-ms="14" status="PASS">
          <reporter-output>
          </reporter-output>
        </test-method> <!-- tearDownClass -->
      </class> <!-- testngrunner.TestNGCucumberRunner -->
    </test> <!-- Default test -->
  </suite> <!-- Default suite -->
</testng-results>
